
*** Running vivado
    with args -log test_env.vds -m64 -product Vivado -mode batch -messageDb vivado.pb -notrace -source test_env.tcl


****** Vivado v2016.4 (64-bit)
  **** SW Build 1756540 on Mon Jan 23 19:11:23 MST 2017
  **** IP Build 1755317 on Mon Jan 23 20:30:07 MST 2017
    ** Copyright 1986-2016 Xilinx, Inc. All Rights Reserved.

source test_env.tcl -notrace
Command: synth_design -top test_env -part xc7a35tcpg236-1
Starting synth_design
Attempting to get a license for feature 'Synthesis' and/or device 'xc7a35t'
INFO: [Common 17-349] Got license for feature 'Synthesis' and/or device 'xc7a35t'
INFO: Launching helper process for spawning children vivado processes
INFO: Helper process launched with PID 14060 
---------------------------------------------------------------------------------
Starting RTL Elaboration : Time (s): cpu = 00:00:03 ; elapsed = 00:00:06 . Memory (MB): peak = 281.988 ; gain = 72.480
---------------------------------------------------------------------------------
INFO: [Synth 8-638] synthesizing module 'test_env' [C:/Users/dalia/OneDrive/Desktop/AC MIPS 16/LAB4/project_1/project_1.srcs/sources_1/new/test_env.vhd:16]
INFO: [Synth 8-3491] module 'IFetch' declared at 'C:/Users/dalia/OneDrive/Desktop/AC MIPS 16/LAB4/project_1/project_1.srcs/sources_1/new/InstructionF.vhd:6' bound to instance 'iff' of component 'IFetch' [C:/Users/dalia/OneDrive/Desktop/AC MIPS 16/LAB4/project_1/project_1.srcs/sources_1/new/test_env.vhd:136]
INFO: [Synth 8-638] synthesizing module 'IFetch' [C:/Users/dalia/OneDrive/Desktop/AC MIPS 16/LAB4/project_1/project_1.srcs/sources_1/new/InstructionF.vhd:18]
INFO: [Synth 8-226] default block is never used [C:/Users/dalia/OneDrive/Desktop/AC MIPS 16/LAB4/project_1/project_1.srcs/sources_1/new/InstructionF.vhd:55]
INFO: [Synth 8-226] default block is never used [C:/Users/dalia/OneDrive/Desktop/AC MIPS 16/LAB4/project_1/project_1.srcs/sources_1/new/InstructionF.vhd:64]
INFO: [Synth 8-256] done synthesizing module 'IFetch' (1#1) [C:/Users/dalia/OneDrive/Desktop/AC MIPS 16/LAB4/project_1/project_1.srcs/sources_1/new/InstructionF.vhd:18]
INFO: [Synth 8-3491] module 'MPG' declared at 'C:/Users/dalia/OneDrive/Desktop/AC/MPG.vhd:5' bound to instance 'debouncer' of component 'MPG' [C:/Users/dalia/OneDrive/Desktop/AC MIPS 16/LAB4/project_1/project_1.srcs/sources_1/new/test_env.vhd:137]
INFO: [Synth 8-638] synthesizing module 'MPG' [C:/Users/dalia/OneDrive/Desktop/AC/MPG.vhd:11]
INFO: [Synth 8-256] done synthesizing module 'MPG' (2#1) [C:/Users/dalia/OneDrive/Desktop/AC/MPG.vhd:11]
INFO: [Synth 8-3491] module 'MPG' declared at 'C:/Users/dalia/OneDrive/Desktop/AC/MPG.vhd:5' bound to instance 'debouncer2' of component 'MPG' [C:/Users/dalia/OneDrive/Desktop/AC MIPS 16/LAB4/project_1/project_1.srcs/sources_1/new/test_env.vhd:138]
INFO: [Synth 8-3491] module 'MainControl' declared at 'C:/Users/dalia/OneDrive/Desktop/AC MIPS 16/LAB4/project_1/project_1.srcs/sources_1/new/MainControl.vhd:34' bound to instance 'Main' of component 'MainControl' [C:/Users/dalia/OneDrive/Desktop/AC MIPS 16/LAB4/project_1/project_1.srcs/sources_1/new/test_env.vhd:140]
INFO: [Synth 8-638] synthesizing module 'MainControl' [C:/Users/dalia/OneDrive/Desktop/AC MIPS 16/LAB4/project_1/project_1.srcs/sources_1/new/MainControl.vhd:47]
INFO: [Synth 8-226] default block is never used [C:/Users/dalia/OneDrive/Desktop/AC MIPS 16/LAB4/project_1/project_1.srcs/sources_1/new/MainControl.vhd:54]
INFO: [Synth 8-256] done synthesizing module 'MainControl' (3#1) [C:/Users/dalia/OneDrive/Desktop/AC MIPS 16/LAB4/project_1/project_1.srcs/sources_1/new/MainControl.vhd:47]
INFO: [Synth 8-3491] module 'ID' declared at 'C:/Users/dalia/OneDrive/Desktop/AC MIPS 16/LAB4/project_1/project_1.srcs/sources_1/new/IDD.vhd:5' bound to instance 'IDD' of component 'ID' [C:/Users/dalia/OneDrive/Desktop/AC MIPS 16/LAB4/project_1/project_1.srcs/sources_1/new/test_env.vhd:141]
INFO: [Synth 8-638] synthesizing module 'ID' [C:/Users/dalia/OneDrive/Desktop/AC MIPS 16/LAB4/project_1/project_1.srcs/sources_1/new/IDD.vhd:20]
INFO: [Synth 8-3491] module 'reg_file' declared at 'C:/Users/dalia/OneDrive/Desktop/AC MIPS 16/LAB4/project_1/project_1.srcs/sources_1/new/REG_FILE.vhd:5' bound to instance 'regfile' of component 'reg_file' [C:/Users/dalia/OneDrive/Desktop/AC MIPS 16/LAB4/project_1/project_1.srcs/sources_1/new/IDD.vhd:56]
INFO: [Synth 8-638] synthesizing module 'reg_file' [C:/Users/dalia/OneDrive/Desktop/AC MIPS 16/LAB4/project_1/project_1.srcs/sources_1/new/REG_FILE.vhd:18]
INFO: [Synth 8-256] done synthesizing module 'reg_file' (4#1) [C:/Users/dalia/OneDrive/Desktop/AC MIPS 16/LAB4/project_1/project_1.srcs/sources_1/new/REG_FILE.vhd:18]
INFO: [Synth 8-256] done synthesizing module 'ID' (5#1) [C:/Users/dalia/OneDrive/Desktop/AC MIPS 16/LAB4/project_1/project_1.srcs/sources_1/new/IDD.vhd:20]
INFO: [Synth 8-226] default block is never used [C:/Users/dalia/OneDrive/Desktop/AC MIPS 16/LAB4/project_1/project_1.srcs/sources_1/new/test_env.vhd:144]
WARNING: [Synth 8-614] signal 'ALURes' is read in the process but is not in the sensitivity list [C:/Users/dalia/OneDrive/Desktop/AC MIPS 16/LAB4/project_1/project_1.srcs/sources_1/new/test_env.vhd:142]
INFO: [Synth 8-3491] module 'SSD' declared at 'C:/Users/dalia/OneDrive/Desktop/AC/SSD.vhd:5' bound to instance 'ssdd' of component 'SSD' [C:/Users/dalia/OneDrive/Desktop/AC MIPS 16/LAB4/project_1/project_1.srcs/sources_1/new/test_env.vhd:157]
INFO: [Synth 8-638] synthesizing module 'SSD' [C:/Users/dalia/OneDrive/Desktop/AC/SSD.vhd:12]
INFO: [Synth 8-226] default block is never used [C:/Users/dalia/OneDrive/Desktop/AC/SSD.vhd:31]
INFO: [Synth 8-226] default block is never used [C:/Users/dalia/OneDrive/Desktop/AC/SSD.vhd:42]
INFO: [Synth 8-226] default block is never used [C:/Users/dalia/OneDrive/Desktop/AC/SSD.vhd:52]
INFO: [Synth 8-256] done synthesizing module 'SSD' (6#1) [C:/Users/dalia/OneDrive/Desktop/AC/SSD.vhd:12]
INFO: [Synth 8-3491] module 'EX' declared at 'C:/Users/dalia/OneDrive/Desktop/AC MIPS 16/LAB4/project_1/project_1.srcs/sources_1/new/EX.vhd:8' bound to instance 'exx' of component 'EX' [C:/Users/dalia/OneDrive/Desktop/AC MIPS 16/LAB4/project_1/project_1.srcs/sources_1/new/test_env.vhd:158]
INFO: [Synth 8-638] synthesizing module 'EX' [C:/Users/dalia/OneDrive/Desktop/AC MIPS 16/LAB4/project_1/project_1.srcs/sources_1/new/EX.vhd:22]
INFO: [Synth 8-226] default block is never used [C:/Users/dalia/OneDrive/Desktop/AC MIPS 16/LAB4/project_1/project_1.srcs/sources_1/new/EX.vhd:30]
INFO: [Synth 8-226] default block is never used [C:/Users/dalia/OneDrive/Desktop/AC MIPS 16/LAB4/project_1/project_1.srcs/sources_1/new/EX.vhd:50]
INFO: [Synth 8-226] default block is never used [C:/Users/dalia/OneDrive/Desktop/AC MIPS 16/LAB4/project_1/project_1.srcs/sources_1/new/EX.vhd:58]
WARNING: [Synth 8-614] signal 'rd2' is read in the process but is not in the sensitivity list [C:/Users/dalia/OneDrive/Desktop/AC MIPS 16/LAB4/project_1/project_1.srcs/sources_1/new/EX.vhd:56]
INFO: [Synth 8-256] done synthesizing module 'EX' (7#1) [C:/Users/dalia/OneDrive/Desktop/AC MIPS 16/LAB4/project_1/project_1.srcs/sources_1/new/EX.vhd:22]
INFO: [Synth 8-3491] module 'MEM' declared at 'C:/Users/dalia/OneDrive/Desktop/AC MIPS 16/LAB4/project_1/project_1.srcs/sources_1/new/MEM.vhd:7' bound to instance 'meem' of component 'MEM' [C:/Users/dalia/OneDrive/Desktop/AC MIPS 16/LAB4/project_1/project_1.srcs/sources_1/new/test_env.vhd:159]
INFO: [Synth 8-638] synthesizing module 'MEM' [C:/Users/dalia/OneDrive/Desktop/AC MIPS 16/LAB4/project_1/project_1.srcs/sources_1/new/MEM.vhd:17]
INFO: [Synth 8-256] done synthesizing module 'MEM' (8#1) [C:/Users/dalia/OneDrive/Desktop/AC MIPS 16/LAB4/project_1/project_1.srcs/sources_1/new/MEM.vhd:17]
INFO: [Synth 8-226] default block is never used [C:/Users/dalia/OneDrive/Desktop/AC MIPS 16/LAB4/project_1/project_1.srcs/sources_1/new/test_env.vhd:162]
INFO: [Synth 8-256] done synthesizing module 'test_env' (9#1) [C:/Users/dalia/OneDrive/Desktop/AC MIPS 16/LAB4/project_1/project_1.srcs/sources_1/new/test_env.vhd:16]
WARNING: [Synth 8-3331] design ID has unconnected port instr[15]
WARNING: [Synth 8-3331] design ID has unconnected port instr[14]
WARNING: [Synth 8-3331] design ID has unconnected port instr[13]
WARNING: [Synth 8-3331] design MainControl has unconnected port Instr[12]
WARNING: [Synth 8-3331] design MainControl has unconnected port Instr[11]
WARNING: [Synth 8-3331] design MainControl has unconnected port Instr[10]
WARNING: [Synth 8-3331] design MainControl has unconnected port Instr[9]
WARNING: [Synth 8-3331] design MainControl has unconnected port Instr[8]
WARNING: [Synth 8-3331] design MainControl has unconnected port Instr[7]
WARNING: [Synth 8-3331] design MainControl has unconnected port Instr[6]
WARNING: [Synth 8-3331] design MainControl has unconnected port Instr[5]
WARNING: [Synth 8-3331] design MainControl has unconnected port Instr[4]
WARNING: [Synth 8-3331] design MainControl has unconnected port Instr[3]
WARNING: [Synth 8-3331] design MainControl has unconnected port Instr[2]
WARNING: [Synth 8-3331] design MainControl has unconnected port Instr[1]
WARNING: [Synth 8-3331] design MainControl has unconnected port Instr[0]
WARNING: [Synth 8-3331] design test_env has unconnected port led[15]
WARNING: [Synth 8-3331] design test_env has unconnected port led[14]
WARNING: [Synth 8-3331] design test_env has unconnected port led[13]
WARNING: [Synth 8-3331] design test_env has unconnected port led[12]
WARNING: [Synth 8-3331] design test_env has unconnected port led[11]
WARNING: [Synth 8-3331] design test_env has unconnected port btn[4]
WARNING: [Synth 8-3331] design test_env has unconnected port btn[3]
WARNING: [Synth 8-3331] design test_env has unconnected port btn[2]
WARNING: [Synth 8-3331] design test_env has unconnected port sw[15]
WARNING: [Synth 8-3331] design test_env has unconnected port sw[14]
WARNING: [Synth 8-3331] design test_env has unconnected port sw[13]
WARNING: [Synth 8-3331] design test_env has unconnected port sw[12]
WARNING: [Synth 8-3331] design test_env has unconnected port sw[11]
WARNING: [Synth 8-3331] design test_env has unconnected port sw[10]
WARNING: [Synth 8-3331] design test_env has unconnected port sw[9]
WARNING: [Synth 8-3331] design test_env has unconnected port sw[8]
WARNING: [Synth 8-3331] design test_env has unconnected port sw[4]
WARNING: [Synth 8-3331] design test_env has unconnected port sw[3]
WARNING: [Synth 8-3331] design test_env has unconnected port sw[2]
WARNING: [Synth 8-3331] design test_env has unconnected port sw[1]
WARNING: [Synth 8-3331] design test_env has unconnected port sw[0]
---------------------------------------------------------------------------------
Finished RTL Elaboration : Time (s): cpu = 00:00:03 ; elapsed = 00:00:07 . Memory (MB): peak = 320.379 ; gain = 110.871
---------------------------------------------------------------------------------

Report Check Netlist: 
+------+------------------+-------+---------+-------+------------------+
|      |Item              |Errors |Warnings |Status |Description       |
+------+------------------+-------+---------+-------+------------------+
|1     |multi_driven_nets |      0|        0|Passed |Multi driven nets |
+------+------------------+-------+---------+-------+------------------+
---------------------------------------------------------------------------------
Finished RTL Optimization Phase 1 : Time (s): cpu = 00:00:03 ; elapsed = 00:00:07 . Memory (MB): peak = 320.379 ; gain = 110.871
---------------------------------------------------------------------------------
INFO: [Device 21-403] Loading part xc7a35tcpg236-1
INFO: [Project 1-570] Preparing netlist for logic optimization

Processing XDC Constraints
Initializing timing engine
Parsing XDC File [C:/Users/dalia/OneDrive/Desktop/AC/Basys3_test_env.xdc]
Finished Parsing XDC File [C:/Users/dalia/OneDrive/Desktop/AC/Basys3_test_env.xdc]
INFO: [Project 1-236] Implementation specific constraints were found while reading constraint file [C:/Users/dalia/OneDrive/Desktop/AC/Basys3_test_env.xdc]. These constraints will be ignored for synthesis but will be used in implementation. Impacted constraints are listed in the file [.Xil/test_env_propImpl.xdc].
Resolution: To avoid this warning, move constraints listed in [.Xil/test_env_propImpl.xdc] to another XDC file and exclude this new file from synthesis with the used_in_synthesis property (File Properties dialog in GUI) and re-run elaboration/synthesis.
Completed Processing XDC Constraints

INFO: [Project 1-111] Unisim Transformation Summary:
No Unisim elements were transformed.

Constraint Validation Runtime : Time (s): cpu = 00:00:00 ; elapsed = 00:00:00 . Memory (MB): peak = 611.637 ; gain = 0.000
---------------------------------------------------------------------------------
Finished Constraint Validation : Time (s): cpu = 00:00:08 ; elapsed = 00:00:14 . Memory (MB): peak = 611.637 ; gain = 402.129
---------------------------------------------------------------------------------
---------------------------------------------------------------------------------
Start Loading Part and Timing Information
---------------------------------------------------------------------------------
Loading part: xc7a35tcpg236-1
---------------------------------------------------------------------------------
Finished Loading Part and Timing Information : Time (s): cpu = 00:00:08 ; elapsed = 00:00:14 . Memory (MB): peak = 611.637 ; gain = 402.129
---------------------------------------------------------------------------------
---------------------------------------------------------------------------------
Start Applying 'set_property' XDC Constraints
---------------------------------------------------------------------------------
---------------------------------------------------------------------------------
Finished applying 'set_property' XDC Constraints : Time (s): cpu = 00:00:08 ; elapsed = 00:00:14 . Memory (MB): peak = 611.637 ; gain = 402.129
---------------------------------------------------------------------------------
INFO: [Synth 8-5546] ROM "ROM" won't be mapped to RAM because it is too sparse
INFO: [Synth 8-5818] HDL ADVISOR - The operator resource <adder> is shared. To prevent sharing consider applying a KEEP on the output of the operator [C:/Users/dalia/OneDrive/Desktop/AC MIPS 16/LAB4/project_1/project_1.srcs/sources_1/new/EX.vhd:58]
---------------------------------------------------------------------------------
Finished RTL Optimization Phase 2 : Time (s): cpu = 00:00:08 ; elapsed = 00:00:15 . Memory (MB): peak = 611.637 ; gain = 402.129
---------------------------------------------------------------------------------

Report RTL Partitions: 
+-+--------------+------------+----------+
| |RTL Partition |Replication |Instances |
+-+--------------+------------+----------+
+-+--------------+------------+----------+
---------------------------------------------------------------------------------
Start RTL Component Statistics 
---------------------------------------------------------------------------------
Detailed RTL Component Info : 
+---Adders : 
	   2 Input     16 Bit       Adders := 2     
	   3 Input     16 Bit       Adders := 1     
+---XORs : 
	   2 Input     16 Bit         XORs := 1     
+---Registers : 
	               16 Bit    Registers := 1     
	                1 Bit    Registers := 6     
+---RAMs : 
	              512 Bit         RAMs := 1     
	              128 Bit         RAMs := 1     
+---Muxes : 
	  33 Input     16 Bit        Muxes := 1     
	   2 Input     16 Bit        Muxes := 8     
	   8 Input     16 Bit        Muxes := 2     
	   4 Input      4 Bit        Muxes := 2     
	   8 Input      3 Bit        Muxes := 1     
	   2 Input      3 Bit        Muxes := 1     
	  13 Input      3 Bit        Muxes := 1     
	   8 Input      1 Bit        Muxes := 8     
---------------------------------------------------------------------------------
Finished RTL Component Statistics 
---------------------------------------------------------------------------------
---------------------------------------------------------------------------------
Start RTL Hierarchical Component Statistics 
---------------------------------------------------------------------------------
Hierarchical RTL Component report 
Module test_env 
Detailed RTL Component Info : 
+---Muxes : 
	   2 Input     16 Bit        Muxes := 1     
Module IFetch 
Detailed RTL Component Info : 
+---Adders : 
	   2 Input     16 Bit       Adders := 1     
+---Registers : 
	               16 Bit    Registers := 1     
+---Muxes : 
	  33 Input     16 Bit        Muxes := 1     
	   2 Input     16 Bit        Muxes := 2     
Module MPG 
Detailed RTL Component Info : 
+---Registers : 
	                1 Bit    Registers := 3     
Module MainControl 
Detailed RTL Component Info : 
+---Muxes : 
	   8 Input      3 Bit        Muxes := 1     
	   8 Input      1 Bit        Muxes := 8     
Module reg_file 
Detailed RTL Component Info : 
+---RAMs : 
	              128 Bit         RAMs := 1     
Module ID 
Detailed RTL Component Info : 
+---Muxes : 
	   2 Input     16 Bit        Muxes := 1     
	   2 Input      3 Bit        Muxes := 1     
Module SSD 
Detailed RTL Component Info : 
+---Muxes : 
	   4 Input      4 Bit        Muxes := 2     
Module EX 
Detailed RTL Component Info : 
+---Adders : 
	   3 Input     16 Bit       Adders := 1     
	   2 Input     16 Bit       Adders := 1     
+---XORs : 
	   2 Input     16 Bit         XORs := 1     
+---Muxes : 
	   2 Input     16 Bit        Muxes := 4     
	   8 Input     16 Bit        Muxes := 2     
	  13 Input      3 Bit        Muxes := 1     
Module MEM 
Detailed RTL Component Info : 
+---RAMs : 
	              512 Bit         RAMs := 1     
---------------------------------------------------------------------------------
Finished RTL Hierarchical Component Statistics
---------------------------------------------------------------------------------
---------------------------------------------------------------------------------
Start Part Resource Summary
---------------------------------------------------------------------------------
Part Resources:
DSPs: 90 (col length:60)
BRAMs: 100 (col length: RAMB18 60 RAMB36 30)
---------------------------------------------------------------------------------
Finished Part Resource Summary
---------------------------------------------------------------------------------
---------------------------------------------------------------------------------
Start Cross Boundary and Area Optimization
---------------------------------------------------------------------------------
WARNING: [Synth 8-3331] design test_env has unconnected port led[15]
WARNING: [Synth 8-3331] design test_env has unconnected port led[14]
WARNING: [Synth 8-3331] design test_env has unconnected port led[13]
WARNING: [Synth 8-3331] design test_env has unconnected port led[12]
WARNING: [Synth 8-3331] design test_env has unconnected port led[11]
WARNING: [Synth 8-3331] design test_env has unconnected port btn[4]
WARNING: [Synth 8-3331] design test_env has unconnected port btn[3]
WARNING: [Synth 8-3331] design test_env has unconnected port btn[2]
WARNING: [Synth 8-3331] design test_env has unconnected port sw[15]
WARNING: [Synth 8-3331] design test_env has unconnected port sw[14]
WARNING: [Synth 8-3331] design test_env has unconnected port sw[13]
WARNING: [Synth 8-3331] design test_env has unconnected port sw[12]
WARNING: [Synth 8-3331] design test_env has unconnected port sw[11]
WARNING: [Synth 8-3331] design test_env has unconnected port sw[10]
WARNING: [Synth 8-3331] design test_env has unconnected port sw[9]
WARNING: [Synth 8-3331] design test_env has unconnected port sw[8]
WARNING: [Synth 8-3331] design test_env has unconnected port sw[4]
WARNING: [Synth 8-3331] design test_env has unconnected port sw[3]
WARNING: [Synth 8-3331] design test_env has unconnected port sw[2]
WARNING: [Synth 8-3331] design test_env has unconnected port sw[1]
WARNING: [Synth 8-3331] design test_env has unconnected port sw[0]
---------------------------------------------------------------------------------
Finished Cross Boundary and Area Optimization : Time (s): cpu = 00:00:09 ; elapsed = 00:00:17 . Memory (MB): peak = 611.637 ; gain = 402.129
---------------------------------------------------------------------------------
---------------------------------------------------------------------------------
Start ROM, RAM, DSP and Shift Register Reporting
---------------------------------------------------------------------------------

Distributed RAM: Preliminary Mapping  Report (see note below)
+------------+--------------------------+-----------+----------------------+-----------------+
|Module Name | RTL Object               | Inference | Size (Depth x Width) | Primitives      | 
+------------+--------------------------+-----------+----------------------+-----------------+
|test_env    | IDD/regfile/reg_file_reg | Implied   | 8 x 16               | RAM32M x 6      | 
|test_env    | meem/MEM2_reg            | Implied   | 32 x 16              | RAM32X1S x 16   | 
+------------+--------------------------+-----------+----------------------+-----------------+

Note: The table above is a preliminary report that shows the Distributed RAMs at the current stage of the synthesis flow. Some Distributed RAMs may be reimplemented as non Distributed RAM primitives later in the synthesis flow. Multiple instantiated RAMs are reported only once.
---------------------------------------------------------------------------------
Finished ROM, RAM, DSP and Shift Register Reporting
---------------------------------------------------------------------------------

Report RTL Partitions: 
+-+--------------+------------+----------+
| |RTL Partition |Replication |Instances |
+-+--------------+------------+----------+
+-+--------------+------------+----------+
---------------------------------------------------------------------------------
Start Timing Optimization
---------------------------------------------------------------------------------
---------------------------------------------------------------------------------
Start Applying XDC Timing Constraints
---------------------------------------------------------------------------------
---------------------------------------------------------------------------------
Finished Applying XDC Timing Constraints : Time (s): cpu = 00:00:14 ; elapsed = 00:00:25 . Memory (MB): peak = 611.637 ; gain = 402.129
---------------------------------------------------------------------------------
---------------------------------------------------------------------------------
Finished Timing Optimization : Time (s): cpu = 00:00:14 ; elapsed = 00:00:25 . Memory (MB): peak = 611.637 ; gain = 402.129
---------------------------------------------------------------------------------

Report RTL Partitions: 
+-+--------------+------------+----------+
| |RTL Partition |Replication |Instances |
+-+--------------+------------+----------+
+-+--------------+------------+----------+
---------------------------------------------------------------------------------
Start Technology Mapping
---------------------------------------------------------------------------------
---------------------------------------------------------------------------------
Finished Technology Mapping : Time (s): cpu = 00:00:14 ; elapsed = 00:00:25 . Memory (MB): peak = 612.965 ; gain = 403.457
---------------------------------------------------------------------------------

Report RTL Partitions: 
+-+--------------+------------+----------+
| |RTL Partition |Replication |Instances |
+-+--------------+------------+----------+
+-+--------------+------------+----------+
---------------------------------------------------------------------------------
Start IO Insertion
---------------------------------------------------------------------------------
---------------------------------------------------------------------------------
Start Flattening Before IO Insertion
---------------------------------------------------------------------------------
---------------------------------------------------------------------------------
Finished Flattening Before IO Insertion
---------------------------------------------------------------------------------
---------------------------------------------------------------------------------
Start Final Netlist Cleanup
---------------------------------------------------------------------------------
---------------------------------------------------------------------------------
Finished Final Netlist Cleanup
---------------------------------------------------------------------------------
---------------------------------------------------------------------------------
Finished IO Insertion : Time (s): cpu = 00:00:14 ; elapsed = 00:00:26 . Memory (MB): peak = 612.965 ; gain = 403.457
---------------------------------------------------------------------------------

Report Check Netlist: 
+------+------------------+-------+---------+-------+------------------+
|      |Item              |Errors |Warnings |Status |Description       |
+------+------------------+-------+---------+-------+------------------+
|1     |multi_driven_nets |      0|        0|Passed |Multi driven nets |
+------+------------------+-------+---------+-------+------------------+
---------------------------------------------------------------------------------
Start Renaming Generated Instances
---------------------------------------------------------------------------------
---------------------------------------------------------------------------------
Finished Renaming Generated Instances : Time (s): cpu = 00:00:14 ; elapsed = 00:00:26 . Memory (MB): peak = 612.965 ; gain = 403.457
---------------------------------------------------------------------------------

Report RTL Partitions: 
+-+--------------+------------+----------+
| |RTL Partition |Replication |Instances |
+-+--------------+------------+----------+
+-+--------------+------------+----------+
---------------------------------------------------------------------------------
Start Rebuilding User Hierarchy
---------------------------------------------------------------------------------
---------------------------------------------------------------------------------
Finished Rebuilding User Hierarchy : Time (s): cpu = 00:00:14 ; elapsed = 00:00:26 . Memory (MB): peak = 612.965 ; gain = 403.457
---------------------------------------------------------------------------------
---------------------------------------------------------------------------------
Start Renaming Generated Ports
---------------------------------------------------------------------------------
---------------------------------------------------------------------------------
Finished Renaming Generated Ports : Time (s): cpu = 00:00:14 ; elapsed = 00:00:26 . Memory (MB): peak = 612.965 ; gain = 403.457
---------------------------------------------------------------------------------
---------------------------------------------------------------------------------
Start Handling Custom Attributes
---------------------------------------------------------------------------------
---------------------------------------------------------------------------------
Finished Handling Custom Attributes : Time (s): cpu = 00:00:14 ; elapsed = 00:00:26 . Memory (MB): peak = 612.965 ; gain = 403.457
---------------------------------------------------------------------------------
---------------------------------------------------------------------------------
Start Renaming Generated Nets
---------------------------------------------------------------------------------
---------------------------------------------------------------------------------
Finished Renaming Generated Nets : Time (s): cpu = 00:00:14 ; elapsed = 00:00:26 . Memory (MB): peak = 612.965 ; gain = 403.457
---------------------------------------------------------------------------------
---------------------------------------------------------------------------------
Start Writing Synthesis Report
---------------------------------------------------------------------------------

Report BlackBoxes: 
+-+--------------+----------+
| |BlackBox name |Instances |
+-+--------------+----------+
+-+--------------+----------+

Report Cell Usage: 
+------+---------+------+
|      |Cell     |Count |
+------+---------+------+
|1     |BUFG     |     1|
|2     |CARRY4   |    21|
|3     |LUT1     |    59|
|4     |LUT2     |     7|
|5     |LUT3     |    31|
|6     |LUT4     |    22|
|7     |LUT5     |    58|
|8     |LUT6     |   102|
|9     |MUXF7    |    16|
|10    |RAM32M   |     6|
|11    |RAM32X1S |    16|
|12    |FDRE     |    61|
|13    |IBUF     |     6|
|14    |OBUF     |    22|
|15    |OBUFT    |     5|
+------+---------+------+

Report Instance Areas: 
+------+-------------+---------+------+
|      |Instance     |Module   |Cells |
+------+-------------+---------+------+
|1     |top          |         |   433|
|2     |  IDD        |ID       |    85|
|3     |    regfile  |reg_file |    85|
|4     |  debouncer  |MPG      |    49|
|5     |  debouncer2 |MPG_0    |     4|
|6     |  exx        |EX       |     8|
|7     |  iff        |IFetch   |   194|
|8     |  meem       |MEM      |    19|
|9     |  ssdd       |SSD      |    40|
+------+-------------+---------+------+
---------------------------------------------------------------------------------
Finished Writing Synthesis Report : Time (s): cpu = 00:00:14 ; elapsed = 00:00:26 . Memory (MB): peak = 612.965 ; gain = 403.457
---------------------------------------------------------------------------------
Synthesis finished with 0 errors, 0 critical warnings and 21 warnings.
Synthesis Optimization Runtime : Time (s): cpu = 00:00:08 ; elapsed = 00:00:18 . Memory (MB): peak = 612.965 ; gain = 112.199
Synthesis Optimization Complete : Time (s): cpu = 00:00:14 ; elapsed = 00:00:26 . Memory (MB): peak = 612.965 ; gain = 403.457
INFO: [Project 1-571] Translating synthesized netlist
INFO: [Netlist 29-17] Analyzing 49 Unisim elements for replacement
INFO: [Netlist 29-28] Unisim Transformation completed in 0 CPU seconds
INFO: [Project 1-570] Preparing netlist for logic optimization
INFO: [Opt 31-138] Pushed 0 inverter(s) to 0 load pin(s).
INFO: [Project 1-111] Unisim Transformation Summary:
  A total of 22 instances were transformed.
  RAM32M => RAM32M (RAMD32, RAMD32, RAMD32, RAMD32, RAMD32, RAMD32, RAMS32, RAMS32): 6 instances
  RAM32X1S => RAM32X1S (RAMS32): 16 instances

INFO: [Common 17-83] Releasing license: Synthesis
61 Infos, 60 Warnings, 0 Critical Warnings and 0 Errors encountered.
synth_design completed successfully
synth_design: Time (s): cpu = 00:00:14 ; elapsed = 00:00:24 . Memory (MB): peak = 612.965 ; gain = 403.457
INFO: [Common 17-1381] The checkpoint 'C:/Users/dalia/OneDrive/Desktop/AC MIPS 16/LAB4/project_1/project_1.runs/synth_1/test_env.dcp' has been generated.
report_utilization: Time (s): cpu = 00:00:00 ; elapsed = 00:00:00.016 . Memory (MB): peak = 612.965 ; gain = 0.000
INFO: [Common 17-206] Exiting Vivado at Wed May 17 14:51:24 2023...
